

Started GET "/" for 127.0.0.1 at 2015-12-01 23:35:08 -0500
  [1m[36mActiveRecord::SchemaMigration Load (0.5ms)[0m  [1mSELECT `schema_migrations`.* FROM `schema_migrations`[0m
Processing by HomeController#index as HTML
  Rendered home/index.html.erb within layouts/application (1.8ms)
Completed 200 OK in 922ms (Views: 914.3ms | ActiveRecord: 0.0ms)


Started GET "/assets/utils.js" for 127.0.0.1 at 2015-12-01 23:35:09 -0500


Started GET "/css/site.css" for 127.0.0.1 at 2015-12-01 23:35:09 -0500

ActionController::RoutingError (No route matches [GET] "/css/site.css"):
  actionpack (4.2.4) lib/action_dispatch/middleware/debug_exceptions.rb:21:in `call'
  web-console (2.2.1) lib/web_console/middleware.rb:39:in `call'
  actionpack (4.2.4) lib/action_dispatch/middleware/show_exceptions.rb:30:in `call'
  railties (4.2.4) lib/rails/rack/logger.rb:38:in `call_app'
  railties (4.2.4) lib/rails/rack/logger.rb:20:in `block in call'
  activesupport (4.2.4) lib/active_support/tagged_logging.rb:68:in `block in tagged'
  activesupport (4.2.4) lib/active_support/tagged_logging.rb:26:in `tagged'
  activesupport (4.2.4) lib/active_support/tagged_logging.rb:68:in `tagged'
  railties (4.2.4) lib/rails/rack/logger.rb:20:in `call'
  actionpack (4.2.4) lib/action_dispatch/middleware/request_id.rb:21:in `call'
  rack (1.6.4) lib/rack/methodoverride.rb:22:in `call'
  rack (1.6.4) lib/rack/runtime.rb:18:in `call'
  activesupport (4.2.4) lib/active_support/cache/strategy/local_cache_middleware.rb:28:in `call'
  rack (1.6.4) lib/rack/lock.rb:17:in `call'
  actionpack (4.2.4) lib/action_dispatch/middleware/static.rb:116:in `call'
  rack (1.6.4) lib/rack/sendfile.rb:113:in `call'
  railties (4.2.4) lib/rails/engine.rb:518:in `call'
  railties (4.2.4) lib/rails/application.rb:165:in `call'
  rack (1.6.4) lib/rack/lock.rb:17:in `call'
  rack (1.6.4) lib/rack/content_length.rb:15:in `call'
  rack (1.6.4) lib/rack/handler/webrick.rb:88:in `service'
  /home/wyang/.rvm/rubies/ruby-2.2.3/lib/ruby/2.2.0/webrick/httpserver.rb:138:in `service'
  /home/wyang/.rvm/rubies/ruby-2.2.3/lib/ruby/2.2.0/webrick/httpserver.rb:94:in `run'
  /home/wyang/.rvm/rubies/ruby-2.2.3/lib/ruby/2.2.0/webrick/server.rb:294:in `block in start_thread'


  Rendered /home/wyang/.rvm/gems/ruby-2.2.3/gems/actionpack-4.2.4/lib/action_dispatch/middleware/templates/rescues/_trace.html.erb (2.0ms)
  Rendered /home/wyang/.rvm/gems/ruby-2.2.3/gems/actionpack-4.2.4/lib/action_dispatch/middleware/templates/routes/_route.html.erb (2.1ms)
  Rendered /home/wyang/.rvm/gems/ruby-2.2.3/gems/actionpack-4.2.4/lib/action_dispatch/middleware/templates/routes/_table.html.erb (7.9ms)
  Rendered /home/wyang/.rvm/gems/ruby-2.2.3/gems/actionpack-4.2.4/lib/action_dispatch/middleware/templates/rescues/_request_and_response.html.erb (1.7ms)
  Rendered /home/wyang/.rvm/gems/ruby-2.2.3/gems/actionpack-4.2.4/lib/action_dispatch/middleware/templates/rescues/routing_error.html.erb within rescues/layout (42.3ms)
  Rendered /home/wyang/.rvm/gems/ruby-2.2.3/gems/web-console-2.2.1/lib/web_console/templates/_markup.html.erb (0.5ms)
  Rendered /home/wyang/.rvm/gems/ruby-2.2.3/gems/web-console-2.2.1/lib/web_console/templates/_inner_console_markup.html.erb within layouts/inlined_string (0.4ms)
  Rendered /home/wyang/.rvm/gems/ruby-2.2.3/gems/web-console-2.2.1/lib/web_console/templates/_prompt_box_markup.html.erb within layouts/inlined_string (0.4ms)
  Rendered /home/wyang/.rvm/gems/ruby-2.2.3/gems/web-console-2.2.1/lib/web_console/templates/style.css.erb within layouts/inlined_string (0.4ms)
  Rendered /home/wyang/.rvm/gems/ruby-2.2.3/gems/web-console-2.2.1/lib/web_console/templates/console.js.erb within layouts/javascript (18.2ms)
  Rendered /home/wyang/.rvm/gems/ruby-2.2.3/gems/web-console-2.2.1/lib/web_console/templates/main.js.erb within layouts/javascript (0.3ms)
  Rendered /home/wyang/.rvm/gems/ruby-2.2.3/gems/web-console-2.2.1/lib/web_console/templates/error_page.js.erb within layouts/javascript (0.5ms)
  Rendered /home/wyang/.rvm/gems/ruby-2.2.3/gems/web-console-2.2.1/lib/web_console/templates/index.html.erb (35.8ms)


Started GET "/assets/typed.js" for 127.0.0.1 at 2015-12-01 23:35:09 -0500


Started GET "/assets/close-menu-light.png" for 127.0.0.1 at 2015-12-01 23:35:10 -0500


Started GET "/assets/tfd-white.png" for 127.0.0.1 at 2015-12-01 23:35:10 -0500


Started GET "/assets/menu-logo-white.png" for 127.0.0.1 at 2015-12-01 23:35:10 -0500


Started GET "/assets/Ramiel.jpg" for 127.0.0.1 at 2015-12-01 23:35:10 -0500


Started GET "/assets/welcome.gif" for 127.0.0.1 at 2015-12-01 23:35:10 -0500


Started GET "/login" for 127.0.0.1 at 2015-12-01 23:35:12 -0500
Processing by SessionsController#new as HTML
  Rendered sessions/new.html.erb within layouts/application (1.8ms)
Completed 200 OK in 54ms (Views: 53.2ms | ActiveRecord: 0.0ms)


Started GET "/" for 127.0.0.1 at 2015-12-01 23:35:13 -0500
Processing by HomeController#index as HTML
  Rendered home/index.html.erb within layouts/application (0.3ms)
Completed 200 OK in 50ms (Views: 49.4ms | ActiveRecord: 0.0ms)


Started GET "/assets/utils.js" for 127.0.0.1 at 2015-12-01 23:35:13 -0500


Started GET "/css/site.css" for 127.0.0.1 at 2015-12-01 23:35:13 -0500

ActionController::RoutingError (No route matches [GET] "/css/site.css"):
  actionpack (4.2.4) lib/action_dispatch/middleware/debug_exceptions.rb:21:in `call'
  web-console (2.2.1) lib/web_console/middleware.rb:39:in `call'
  actionpack (4.2.4) lib/action_dispatch/middleware/show_exceptions.rb:30:in `call'
  railties (4.2.4) lib/rails/rack/logger.rb:38:in `call_app'
  railties (4.2.4) lib/rails/rack/logger.rb:20:in `block in call'
  activesupport (4.2.4) lib/active_support/tagged_logging.rb:68:in `block in tagged'
  activesupport (4.2.4) lib/active_support/tagged_logging.rb:26:in `tagged'
  activesupport (4.2.4) lib/active_support/tagged_logging.rb:68:in `tagged'
  railties (4.2.4) lib/rails/rack/logger.rb:20:in `call'
  actionpack (4.2.4) lib/action_dispatch/middleware/request_id.rb:21:in `call'
  rack (1.6.4) lib/rack/methodoverride.rb:22:in `call'
  rack (1.6.4) lib/rack/runtime.rb:18:in `call'
  activesupport (4.2.4) lib/active_support/cache/strategy/local_cache_middleware.rb:28:in `call'
  rack (1.6.4) lib/rack/lock.rb:17:in `call'
  actionpack (4.2.4) lib/action_dispatch/middleware/static.rb:116:in `call'
  rack (1.6.4) lib/rack/sendfile.rb:113:in `call'
  railties (4.2.4) lib/rails/engine.rb:518:in `call'
  railties (4.2.4) lib/rails/application.rb:165:in `call'
  rack (1.6.4) lib/rack/lock.rb:17:in `call'
  rack (1.6.4) lib/rack/content_length.rb:15:in `call'
  rack (1.6.4) lib/rack/handler/webrick.rb:88:in `service'
  /home/wyang/.rvm/rubies/ruby-2.2.3/lib/ruby/2.2.0/webrick/httpserver.rb:138:in `service'
  /home/wyang/.rvm/rubies/ruby-2.2.3/lib/ruby/2.2.0/webrick/httpserver.rb:94:in `run'
  /home/wyang/.rvm/rubies/ruby-2.2.3/lib/ruby/2.2.0/webrick/server.rb:294:in `block in start_thread'


  Rendered /home/wyang/.rvm/gems/ruby-2.2.3/gems/actionpack-4.2.4/lib/action_dispatch/middleware/templates/rescues/_trace.html.erb (1.3ms)
  Rendered /home/wyang/.rvm/gems/ruby-2.2.3/gems/actionpack-4.2.4/lib/action_dispatch/middleware/templates/routes/_route.html.erb (1.4ms)
  Rendered /home/wyang/.rvm/gems/ruby-2.2.3/gems/actionpack-4.2.4/lib/action_dispatch/middleware/templates/routes/_table.html.erb (1.2ms)
  Rendered /home/wyang/.rvm/gems/ruby-2.2.3/gems/actionpack-4.2.4/lib/action_dispatch/middleware/templates/rescues/_request_and_response.html.erb (1.1ms)
  Rendered /home/wyang/.rvm/gems/ruby-2.2.3/gems/actionpack-4.2.4/lib/action_dispatch/middleware/templates/rescues/routing_error.html.erb within rescues/layout (21.6ms)
  Rendered /home/wyang/.rvm/gems/ruby-2.2.3/gems/web-console-2.2.1/lib/web_console/templates/_markup.html.erb (0.3ms)
  Rendered /home/wyang/.rvm/gems/ruby-2.2.3/gems/web-console-2.2.1/lib/web_console/templates/_inner_console_markup.html.erb within layouts/inlined_string (0.3ms)
  Rendered /home/wyang/.rvm/gems/ruby-2.2.3/gems/web-console-2.2.1/lib/web_console/templates/_prompt_box_markup.html.erb within layouts/inlined_string (0.3ms)
  Rendered /home/wyang/.rvm/gems/ruby-2.2.3/gems/web-console-2.2.1/lib/web_console/templates/style.css.erb within layouts/inlined_string (0.3ms)
  Rendered /home/wyang/.rvm/gems/ruby-2.2.3/gems/web-console-2.2.1/lib/web_console/templates/console.js.erb within layouts/javascript (12.9ms)
  Rendered /home/wyang/.rvm/gems/ruby-2.2.3/gems/web-console-2.2.1/lib/web_console/templates/main.js.erb within layouts/javascript (0.3ms)
  Rendered /home/wyang/.rvm/gems/ruby-2.2.3/gems/web-console-2.2.1/lib/web_console/templates/error_page.js.erb within layouts/javascript (0.4ms)
  Rendered /home/wyang/.rvm/gems/ruby-2.2.3/gems/web-console-2.2.1/lib/web_console/templates/index.html.erb (25.4ms)


Started GET "/assets/typed.js" for 127.0.0.1 at 2015-12-01 23:35:13 -0500


Started GET "/css/site.css" for 127.0.0.1 at 2015-12-01 23:35:13 -0500

ActionController::RoutingError (No route matches [GET] "/css/site.css"):
  actionpack (4.2.4) lib/action_dispatch/middleware/debug_exceptions.rb:21:in `call'
  web-console (2.2.1) lib/web_console/middleware.rb:39:in `call'
  actionpack (4.2.4) lib/action_dispatch/middleware/show_exceptions.rb:30:in `call'
  railties (4.2.4) lib/rails/rack/logger.rb:38:in `call_app'
  railties (4.2.4) lib/rails/rack/logger.rb:20:in `block in call'
  activesupport (4.2.4) lib/active_support/tagged_logging.rb:68:in `block in tagged'
  activesupport (4.2.4) lib/active_support/tagged_logging.rb:26:in `tagged'
  activesupport (4.2.4) lib/active_support/tagged_logging.rb:68:in `tagged'
  railties (4.2.4) lib/rails/rack/logger.rb:20:in `call'
  actionpack (4.2.4) lib/action_dispatch/middleware/request_id.rb:21:in `call'
  rack (1.6.4) lib/rack/methodoverride.rb:22:in `call'
  rack (1.6.4) lib/rack/runtime.rb:18:in `call'
  activesupport (4.2.4) lib/active_support/cache/strategy/local_cache_middleware.rb:28:in `call'
  rack (1.6.4) lib/rack/lock.rb:17:in `call'
  actionpack (4.2.4) lib/action_dispatch/middleware/static.rb:116:in `call'
  rack (1.6.4) lib/rack/sendfile.rb:113:in `call'
  railties (4.2.4) lib/rails/engine.rb:518:in `call'
  railties (4.2.4) lib/rails/application.rb:165:in `call'
  rack (1.6.4) lib/rack/lock.rb:17:in `call'
  rack (1.6.4) lib/rack/content_length.rb:15:in `call'
  rack (1.6.4) lib/rack/handler/webrick.rb:88:in `service'
  /home/wyang/.rvm/rubies/ruby-2.2.3/lib/ruby/2.2.0/webrick/httpserver.rb:138:in `service'
  /home/wyang/.rvm/rubies/ruby-2.2.3/lib/ruby/2.2.0/webrick/httpserver.rb:94:in `run'
  /home/wyang/.rvm/rubies/ruby-2.2.3/lib/ruby/2.2.0/webrick/server.rb:294:in `block in start_thread'


  Rendered /home/wyang/.rvm/gems/ruby-2.2.3/gems/actionpack-4.2.4/lib/action_dispatch/middleware/templates/rescues/_trace.html.erb (2.0ms)
  Rendered /home/wyang/.rvm/gems/ruby-2.2.3/gems/actionpack-4.2.4/lib/action_dispatch/middleware/templates/routes/_route.html.erb (1.3ms)
  Rendered /home/wyang/.rvm/gems/ruby-2.2.3/gems/actionpack-4.2.4/lib/action_dispatch/middleware/templates/routes/_table.html.erb (0.9ms)
  Rendered /home/wyang/.rvm/gems/ruby-2.2.3/gems/actionpack-4.2.4/lib/action_dispatch/middleware/templates/rescues/_request_and_response.html.erb (1.2ms)
  Rendered /home/wyang/.rvm/gems/ruby-2.2.3/gems/actionpack-4.2.4/lib/action_dispatch/middleware/templates/rescues/routing_error.html.erb within rescues/layout (22.3ms)
  Rendered /home/wyang/.rvm/gems/ruby-2.2.3/gems/web-console-2.2.1/lib/web_console/templates/_markup.html.erb (0.3ms)
  Rendered /home/wyang/.rvm/gems/ruby-2.2.3/gems/web-console-2.2.1/lib/web_console/templates/_inner_console_markup.html.erb within layouts/inlined_string (0.2ms)
  Rendered /home/wyang/.rvm/gems/ruby-2.2.3/gems/web-console-2.2.1/lib/web_console/templates/_prompt_box_markup.html.erb within layouts/inlined_string (0.2ms)
  Rendered /home/wyang/.rvm/gems/ruby-2.2.3/gems/web-console-2.2.1/lib/web_console/templates/style.css.erb within layouts/inlined_string (0.2ms)
  Rendered /home/wyang/.rvm/gems/ruby-2.2.3/gems/web-console-2.2.1/lib/web_console/templates/console.js.erb within layouts/javascript (11.8ms)
  Rendered /home/wyang/.rvm/gems/ruby-2.2.3/gems/web-console-2.2.1/lib/web_console/templates/main.js.erb within layouts/javascript (0.2ms)
  Rendered /home/wyang/.rvm/gems/ruby-2.2.3/gems/web-console-2.2.1/lib/web_console/templates/error_page.js.erb within layouts/javascript (0.3ms)
  Rendered /home/wyang/.rvm/gems/ruby-2.2.3/gems/web-console-2.2.1/lib/web_console/templates/index.html.erb (23.5ms)


Started GET "/assets/close-menu-light.png" for 127.0.0.1 at 2015-12-01 23:35:13 -0500


Started GET "/assets/Ramiel.jpg" for 127.0.0.1 at 2015-12-01 23:35:13 -0500


Started GET "/assets/menu-logo-white.png" for 127.0.0.1 at 2015-12-01 23:35:13 -0500


Started GET "/assets/tfd-white.png" for 127.0.0.1 at 2015-12-01 23:35:13 -0500


Started GET "/assets/welcome.gif" for 127.0.0.1 at 2015-12-01 23:35:13 -0500


Started GET "/signup" for 127.0.0.1 at 2015-12-01 23:35:14 -0500
Processing by UsersController#new as HTML
  Rendered users/new.html.erb within layouts/application (15.2ms)
Completed 200 OK in 112ms (Views: 72.9ms | ActiveRecord: 0.9ms)


Started GET "/" for 127.0.0.1 at 2015-12-01 23:35:15 -0500
Processing by HomeController#index as HTML
  Rendered home/index.html.erb within layouts/application (0.3ms)
Completed 200 OK in 65ms (Views: 64.6ms | ActiveRecord: 0.0ms)


Started GET "/assets/utils.js" for 127.0.0.1 at 2015-12-01 23:35:15 -0500


Started GET "/css/site.css" for 127.0.0.1 at 2015-12-01 23:35:15 -0500

ActionController::RoutingError (No route matches [GET] "/css/site.css"):
  actionpack (4.2.4) lib/action_dispatch/middleware/debug_exceptions.rb:21:in `call'
  web-console (2.2.1) lib/web_console/middleware.rb:39:in `call'
  actionpack (4.2.4) lib/action_dispatch/middleware/show_exceptions.rb:30:in `call'
  railties (4.2.4) lib/rails/rack/logger.rb:38:in `call_app'
  railties (4.2.4) lib/rails/rack/logger.rb:20:in `block in call'
  activesupport (4.2.4) lib/active_support/tagged_logging.rb:68:in `block in tagged'
  activesupport (4.2.4) lib/active_support/tagged_logging.rb:26:in `tagged'
  activesupport (4.2.4) lib/active_support/tagged_logging.rb:68:in `tagged'
  railties (4.2.4) lib/rails/rack/logger.rb:20:in `call'
  actionpack (4.2.4) lib/action_dispatch/middleware/request_id.rb:21:in `call'
  rack (1.6.4) lib/rack/methodoverride.rb:22:in `call'
  rack (1.6.4) lib/rack/runtime.rb:18:in `call'
  activesupport (4.2.4) lib/active_support/cache/strategy/local_cache_middleware.rb:28:in `call'
  rack (1.6.4) lib/rack/lock.rb:17:in `call'
  actionpack (4.2.4) lib/action_dispatch/middleware/static.rb:116:in `call'
  rack (1.6.4) lib/rack/sendfile.rb:113:in `call'
  railties (4.2.4) lib/rails/engine.rb:518:in `call'
  railties (4.2.4) lib/rails/application.rb:165:in `call'
  rack (1.6.4) lib/rack/lock.rb:17:in `call'
  rack (1.6.4) lib/rack/content_length.rb:15:in `call'
  rack (1.6.4) lib/rack/handler/webrick.rb:88:in `service'
  /home/wyang/.rvm/rubies/ruby-2.2.3/lib/ruby/2.2.0/webrick/httpserver.rb:138:in `service'
  /home/wyang/.rvm/rubies/ruby-2.2.3/lib/ruby/2.2.0/webrick/httpserver.rb:94:in `run'
  /home/wyang/.rvm/rubies/ruby-2.2.3/lib/ruby/2.2.0/webrick/server.rb:294:in `block in start_thread'


  Rendered /home/wyang/.rvm/gems/ruby-2.2.3/gems/actionpack-4.2.4/lib/action_dispatch/middleware/templates/rescues/_trace.html.erb (1.1ms)
  Rendered /home/wyang/.rvm/gems/ruby-2.2.3/gems/actionpack-4.2.4/lib/action_dispatch/middleware/templates/routes/_route.html.erb (1.1ms)
  Rendered /home/wyang/.rvm/gems/ruby-2.2.3/gems/actionpack-4.2.4/lib/action_dispatch/middleware/templates/routes/_table.html.erb (1.0ms)
  Rendered /home/wyang/.rvm/gems/ruby-2.2.3/gems/actionpack-4.2.4/lib/action_dispatch/middleware/templates/rescues/_request_and_response.html.erb (1.1ms)
  Rendered /home/wyang/.rvm/gems/ruby-2.2.3/gems/actionpack-4.2.4/lib/action_dispatch/middleware/templates/rescues/routing_error.html.erb within rescues/layout (20.2ms)
  Rendered /home/wyang/.rvm/gems/ruby-2.2.3/gems/web-console-2.2.1/lib/web_console/templates/_markup.html.erb (0.4ms)
  Rendered /home/wyang/.rvm/gems/ruby-2.2.3/gems/web-console-2.2.1/lib/web_console/templates/_inner_console_markup.html.erb within layouts/inlined_string (0.3ms)
  Rendered /home/wyang/.rvm/gems/ruby-2.2.3/gems/web-console-2.2.1/lib/web_console/templates/_prompt_box_markup.html.erb within layouts/inlined_string (0.3ms)
  Rendered /home/wyang/.rvm/gems/ruby-2.2.3/gems/web-console-2.2.1/lib/web_console/templates/style.css.erb within layouts/inlined_string (0.3ms)
  Rendered /home/wyang/.rvm/gems/ruby-2.2.3/gems/web-console-2.2.1/lib/web_console/templates/console.js.erb within layouts/javascript (12.1ms)
  Rendered /home/wyang/.rvm/gems/ruby-2.2.3/gems/web-console-2.2.1/lib/web_console/templates/main.js.erb within layouts/javascript (0.3ms)
  Rendered /home/wyang/.rvm/gems/ruby-2.2.3/gems/web-console-2.2.1/lib/web_console/templates/error_page.js.erb within layouts/javascript (0.3ms)
  Rendered /home/wyang/.rvm/gems/ruby-2.2.3/gems/web-console-2.2.1/lib/web_console/templates/index.html.erb (24.2ms)


Started GET "/assets/typed.js" for 127.0.0.1 at 2015-12-01 23:35:15 -0500


Started GET "/css/site.css" for 127.0.0.1 at 2015-12-01 23:35:15 -0500

ActionController::RoutingError (No route matches [GET] "/css/site.css"):
  actionpack (4.2.4) lib/action_dispatch/middleware/debug_exceptions.rb:21:in `call'
  web-console (2.2.1) lib/web_console/middleware.rb:39:in `call'
  actionpack (4.2.4) lib/action_dispatch/middleware/show_exceptions.rb:30:in `call'
  railties (4.2.4) lib/rails/rack/logger.rb:38:in `call_app'
  railties (4.2.4) lib/rails/rack/logger.rb:20:in `block in call'
  activesupport (4.2.4) lib/active_support/tagged_logging.rb:68:in `block in tagged'
  activesupport (4.2.4) lib/active_support/tagged_logging.rb:26:in `tagged'
  activesupport (4.2.4) lib/active_support/tagged_logging.rb:68:in `tagged'
  railties (4.2.4) lib/rails/rack/logger.rb:20:in `call'
  actionpack (4.2.4) lib/action_dispatch/middleware/request_id.rb:21:in `call'
  rack (1.6.4) lib/rack/methodoverride.rb:22:in `call'
  rack (1.6.4) lib/rack/runtime.rb:18:in `call'
  activesupport (4.2.4) lib/active_support/cache/strategy/local_cache_middleware.rb:28:in `call'
  rack (1.6.4) lib/rack/lock.rb:17:in `call'
  actionpack (4.2.4) lib/action_dispatch/middleware/static.rb:116:in `call'
  rack (1.6.4) lib/rack/sendfile.rb:113:in `call'
  railties (4.2.4) lib/rails/engine.rb:518:in `call'
  railties (4.2.4) lib/rails/application.rb:165:in `call'
  rack (1.6.4) lib/rack/lock.rb:17:in `call'
  rack (1.6.4) lib/rack/content_length.rb:15:in `call'
  rack (1.6.4) lib/rack/handler/webrick.rb:88:in `service'
  /home/wyang/.rvm/rubies/ruby-2.2.3/lib/ruby/2.2.0/webrick/httpserver.rb:138:in `service'
  /home/wyang/.rvm/rubies/ruby-2.2.3/lib/ruby/2.2.0/webrick/httpserver.rb:94:in `run'
  /home/wyang/.rvm/rubies/ruby-2.2.3/lib/ruby/2.2.0/webrick/server.rb:294:in `block in start_thread'


  Rendered /home/wyang/.rvm/gems/ruby-2.2.3/gems/actionpack-4.2.4/lib/action_dispatch/middleware/templates/rescues/_trace.html.erb (1.2ms)
  Rendered /home/wyang/.rvm/gems/ruby-2.2.3/gems/actionpack-4.2.4/lib/action_dispatch/middleware/templates/routes/_route.html.erb (1.2ms)
  Rendered /home/wyang/.rvm/gems/ruby-2.2.3/gems/actionpack-4.2.4/lib/action_dispatch/middleware/templates/routes/_table.html.erb (1.1ms)
  Rendered /home/wyang/.rvm/gems/ruby-2.2.3/gems/actionpack-4.2.4/lib/action_dispatch/middleware/templates/rescues/_request_and_response.html.erb (1.1ms)
  Rendered /home/wyang/.rvm/gems/ruby-2.2.3/gems/actionpack-4.2.4/lib/action_dispatch/middleware/templates/rescues/routing_error.html.erb within rescues/layout (20.4ms)
  Rendered /home/wyang/.rvm/gems/ruby-2.2.3/gems/web-console-2.2.1/lib/web_console/templates/_markup.html.erb (0.2ms)
  Rendered /home/wyang/.rvm/gems/ruby-2.2.3/gems/web-console-2.2.1/lib/web_console/templates/_inner_console_markup.html.erb within layouts/inlined_string (0.2ms)
  Rendered /home/wyang/.rvm/gems/ruby-2.2.3/gems/web-console-2.2.1/lib/web_console/templates/_prompt_box_markup.html.erb within layouts/inlined_string (0.2ms)
  Rendered /home/wyang/.rvm/gems/ruby-2.2.3/gems/web-console-2.2.1/lib/web_console/templates/style.css.erb within layouts/inlined_string (0.2ms)
  Rendered /home/wyang/.rvm/gems/ruby-2.2.3/gems/web-console-2.2.1/lib/web_console/templates/console.js.erb within layouts/javascript (11.6ms)
  Rendered /home/wyang/.rvm/gems/ruby-2.2.3/gems/web-console-2.2.1/lib/web_console/templates/main.js.erb within layouts/javascript (0.2ms)
  Rendered /home/wyang/.rvm/gems/ruby-2.2.3/gems/web-console-2.2.1/lib/web_console/templates/error_page.js.erb within layouts/javascript (0.2ms)
  Rendered /home/wyang/.rvm/gems/ruby-2.2.3/gems/web-console-2.2.1/lib/web_console/templates/index.html.erb (22.9ms)


Started GET "/assets/Ramiel.jpg" for 127.0.0.1 at 2015-12-01 23:35:15 -0500


Started GET "/assets/welcome.gif" for 127.0.0.1 at 2015-12-01 23:35:15 -0500


Started GET "/assets/close-menu-light.png" for 127.0.0.1 at 2015-12-01 23:35:15 -0500


Started GET "/assets/menu-logo-white.png" for 127.0.0.1 at 2015-12-01 23:35:15 -0500


Started GET "/assets/tfd-white.png" for 127.0.0.1 at 2015-12-01 23:35:15 -0500


Started GET "/" for 127.0.0.1 at 2015-12-01 23:42:16 -0500
  [1m[36mActiveRecord::SchemaMigration Load (0.1ms)[0m  [1mSELECT `schema_migrations`.* FROM `schema_migrations`[0m
Processing by HomeController#index as HTML
  Rendered home/index.html.erb within layouts/application (1.3ms)
Completed 200 OK in 880ms (Views: 871.2ms | ActiveRecord: 0.0ms)


Started GET "/assets/utils.js" for 127.0.0.1 at 2015-12-01 23:42:17 -0500


Started GET "/css/site.css" for 127.0.0.1 at 2015-12-01 23:42:17 -0500

ActionController::RoutingError (No route matches [GET] "/css/site.css"):
  actionpack (4.2.4) lib/action_dispatch/middleware/debug_exceptions.rb:21:in `call'
  web-console (2.2.1) lib/web_console/middleware.rb:39:in `call'
  actionpack (4.2.4) lib/action_dispatch/middleware/show_exceptions.rb:30:in `call'
  railties (4.2.4) lib/rails/rack/logger.rb:38:in `call_app'
  railties (4.2.4) lib/rails/rack/logger.rb:20:in `block in call'
  activesupport (4.2.4) lib/active_support/tagged_logging.rb:68:in `block in tagged'
  activesupport (4.2.4) lib/active_support/tagged_logging.rb:26:in `tagged'
  activesupport (4.2.4) lib/active_support/tagged_logging.rb:68:in `tagged'
  railties (4.2.4) lib/rails/rack/logger.rb:20:in `call'
  actionpack (4.2.4) lib/action_dispatch/middleware/request_id.rb:21:in `call'
  rack (1.6.4) lib/rack/methodoverride.rb:22:in `call'
  rack (1.6.4) lib/rack/runtime.rb:18:in `call'
  activesupport (4.2.4) lib/active_support/cache/strategy/local_cache_middleware.rb:28:in `call'
  rack (1.6.4) lib/rack/lock.rb:17:in `call'
  actionpack (4.2.4) lib/action_dispatch/middleware/static.rb:116:in `call'
  rack (1.6.4) lib/rack/sendfile.rb:113:in `call'
  railties (4.2.4) lib/rails/engine.rb:518:in `call'
  railties (4.2.4) lib/rails/application.rb:165:in `call'
  rack (1.6.4) lib/rack/lock.rb:17:in `call'
  rack (1.6.4) lib/rack/content_length.rb:15:in `call'
  rack (1.6.4) lib/rack/handler/webrick.rb:88:in `service'
  /home/wyang/.rvm/rubies/ruby-2.2.3/lib/ruby/2.2.0/webrick/httpserver.rb:138:in `service'
  /home/wyang/.rvm/rubies/ruby-2.2.3/lib/ruby/2.2.0/webrick/httpserver.rb:94:in `run'
  /home/wyang/.rvm/rubies/ruby-2.2.3/lib/ruby/2.2.0/webrick/server.rb:294:in `block in start_thread'


  Rendered /home/wyang/.rvm/gems/ruby-2.2.3/gems/actionpack-4.2.4/lib/action_dispatch/middleware/templates/rescues/_trace.html.erb (2.0ms)
  Rendered /home/wyang/.rvm/gems/ruby-2.2.3/gems/actionpack-4.2.4/lib/action_dispatch/middleware/templates/routes/_route.html.erb (2.1ms)
  Rendered /home/wyang/.rvm/gems/ruby-2.2.3/gems/actionpack-4.2.4/lib/action_dispatch/middleware/templates/routes/_table.html.erb (7.8ms)
  Rendered /home/wyang/.rvm/gems/ruby-2.2.3/gems/actionpack-4.2.4/lib/action_dispatch/middleware/templates/rescues/_request_and_response.html.erb (1.7ms)
  Rendered /home/wyang/.rvm/gems/ruby-2.2.3/gems/actionpack-4.2.4/lib/action_dispatch/middleware/templates/rescues/routing_error.html.erb within rescues/layout (41.9ms)
  Rendered /home/wyang/.rvm/gems/ruby-2.2.3/gems/web-console-2.2.1/lib/web_console/templates/_markup.html.erb (0.4ms)
  Rendered /home/wyang/.rvm/gems/ruby-2.2.3/gems/web-console-2.2.1/lib/web_console/templates/_inner_console_markup.html.erb within layouts/inlined_string (0.4ms)
  Rendered /home/wyang/.rvm/gems/ruby-2.2.3/gems/web-console-2.2.1/lib/web_console/templates/_prompt_box_markup.html.erb within layouts/inlined_string (0.4ms)
  Rendered /home/wyang/.rvm/gems/ruby-2.2.3/gems/web-console-2.2.1/lib/web_console/templates/style.css.erb within layouts/inlined_string (0.4ms)
  Rendered /home/wyang/.rvm/gems/ruby-2.2.3/gems/web-console-2.2.1/lib/web_console/templates/console.js.erb within layouts/javascript (18.3ms)
  Rendered /home/wyang/.rvm/gems/ruby-2.2.3/gems/web-console-2.2.1/lib/web_console/templates/main.js.erb within layouts/javascript (0.4ms)
  Rendered /home/wyang/.rvm/gems/ruby-2.2.3/gems/web-console-2.2.1/lib/web_console/templates/error_page.js.erb within layouts/javascript (0.4ms)
  Rendered /home/wyang/.rvm/gems/ruby-2.2.3/gems/web-console-2.2.1/lib/web_console/templates/index.html.erb (36.0ms)


Started GET "/assets/typed.js" for 127.0.0.1 at 2015-12-01 23:42:17 -0500


Started GET "/assets/close-menu-light.png" for 127.0.0.1 at 2015-12-01 23:42:17 -0500


Started GET "/assets/Ramiel.jpg" for 127.0.0.1 at 2015-12-01 23:42:17 -0500


Started GET "/assets/menu-logo-white.png" for 127.0.0.1 at 2015-12-01 23:42:18 -0500


Started GET "/assets/tfd-white.png" for 127.0.0.1 at 2015-12-01 23:42:18 -0500


Started GET "/assets/welcome.gif" for 127.0.0.1 at 2015-12-01 23:42:18 -0500


Started GET "/assets/tfd-orange.png" for 127.0.0.1 at 2015-12-01 23:42:18 -0500


Started GET "/login" for 127.0.0.1 at 2015-12-01 23:42:19 -0500
Processing by SessionsController#new as HTML
  Rendered sessions/new.html.erb within layouts/application (2.0ms)
Completed 200 OK in 63ms (Views: 62.1ms | ActiveRecord: 0.0ms)


Started GET "/" for 127.0.0.1 at 2015-12-01 23:42:20 -0500
Processing by HomeController#index as HTML
  Rendered home/index.html.erb within layouts/application (0.4ms)
Completed 200 OK in 77ms (Views: 76.9ms | ActiveRecord: 0.0ms)


Started GET "/assets/utils.js" for 127.0.0.1 at 2015-12-01 23:42:21 -0500


Started GET "/css/site.css" for 127.0.0.1 at 2015-12-01 23:42:21 -0500

ActionController::RoutingError (No route matches [GET] "/css/site.css"):
  actionpack (4.2.4) lib/action_dispatch/middleware/debug_exceptions.rb:21:in `call'
  web-console (2.2.1) lib/web_console/middleware.rb:39:in `call'
  actionpack (4.2.4) lib/action_dispatch/middleware/show_exceptions.rb:30:in `call'
  railties (4.2.4) lib/rails/rack/logger.rb:38:in `call_app'
  railties (4.2.4) lib/rails/rack/logger.rb:20:in `block in call'
  activesupport (4.2.4) lib/active_support/tagged_logging.rb:68:in `block in tagged'
  activesupport (4.2.4) lib/active_support/tagged_logging.rb:26:in `tagged'
  activesupport (4.2.4) lib/active_support/tagged_logging.rb:68:in `tagged'
  railties (4.2.4) lib/rails/rack/logger.rb:20:in `call'
  actionpack (4.2.4) lib/action_dispatch/middleware/request_id.rb:21:in `call'
  rack (1.6.4) lib/rack/methodoverride.rb:22:in `call'
  rack (1.6.4) lib/rack/runtime.rb:18:in `call'
  activesupport (4.2.4) lib/active_support/cache/strategy/local_cache_middleware.rb:28:in `call'
  rack (1.6.4) lib/rack/lock.rb:17:in `call'
  actionpack (4.2.4) lib/action_dispatch/middleware/static.rb:116:in `call'
  rack (1.6.4) lib/rack/sendfile.rb:113:in `call'
  railties (4.2.4) lib/rails/engine.rb:518:in `call'
  railties (4.2.4) lib/rails/application.rb:165:in `call'
  rack (1.6.4) lib/rack/lock.rb:17:in `call'
  rack (1.6.4) lib/rack/content_length.rb:15:in `call'
  rack (1.6.4) lib/rack/handler/webrick.rb:88:in `service'
  /home/wyang/.rvm/rubies/ruby-2.2.3/lib/ruby/2.2.0/webrick/httpserver.rb:138:in `service'
  /home/wyang/.rvm/rubies/ruby-2.2.3/lib/ruby/2.2.0/webrick/httpserver.rb:94:in `run'
  /home/wyang/.rvm/rubies/ruby-2.2.3/lib/ruby/2.2.0/webrick/server.rb:294:in `block in start_thread'


  Rendered /home/wyang/.rvm/gems/ruby-2.2.3/gems/actionpack-4.2.4/lib/action_dispatch/middleware/templates/rescues/_trace.html.erb (1.7ms)
  Rendered /home/wyang/.rvm/gems/ruby-2.2.3/gems/actionpack-4.2.4/lib/action_dispatch/middleware/templates/routes/_route.html.erb (1.9ms)
  Rendered /home/wyang/.rvm/gems/ruby-2.2.3/gems/actionpack-4.2.4/lib/action_dispatch/middleware/templates/routes/_table.html.erb (1.4ms)
  Rendered /home/wyang/.rvm/gems/ruby-2.2.3/gems/actionpack-4.2.4/lib/action_dispatch/middleware/templates/rescues/_request_and_response.html.erb (1.2ms)
  Rendered /home/wyang/.rvm/gems/ruby-2.2.3/gems/actionpack-4.2.4/lib/action_dispatch/middleware/templates/rescues/routing_error.html.erb within rescues/layout (23.4ms)
  Rendered /home/wyang/.rvm/gems/ruby-2.2.3/gems/web-console-2.2.1/lib/web_console/templates/_markup.html.erb (0.3ms)
  Rendered /home/wyang/.rvm/gems/ruby-2.2.3/gems/web-console-2.2.1/lib/web_console/templates/_inner_console_markup.html.erb within layouts/inlined_string (0.4ms)
  Rendered /home/wyang/.rvm/gems/ruby-2.2.3/gems/web-console-2.2.1/lib/web_console/templates/_prompt_box_markup.html.erb within layouts/inlined_string (0.4ms)
  Rendered /home/wyang/.rvm/gems/ruby-2.2.3/gems/web-console-2.2.1/lib/web_console/templates/style.css.erb within layouts/inlined_string (0.2ms)
  Rendered /home/wyang/.rvm/gems/ruby-2.2.3/gems/web-console-2.2.1/lib/web_console/templates/console.js.erb within layouts/javascript (12.7ms)
  Rendered /home/wyang/.rvm/gems/ruby-2.2.3/gems/web-console-2.2.1/lib/web_console/templates/main.js.erb within layouts/javascript (0.4ms)
  Rendered /home/wyang/.rvm/gems/ruby-2.2.3/gems/web-console-2.2.1/lib/web_console/templates/error_page.js.erb within layouts/javascript (0.3ms)
  Rendered /home/wyang/.rvm/gems/ruby-2.2.3/gems/web-console-2.2.1/lib/web_console/templates/index.html.erb (25.0ms)


Started GET "/assets/typed.js" for 127.0.0.1 at 2015-12-01 23:42:21 -0500


Started GET "/assets/Ramiel.jpg" for 127.0.0.1 at 2015-12-01 23:42:21 -0500


Started GET "/assets/close-menu-light.png" for 127.0.0.1 at 2015-12-01 23:42:21 -0500


Started GET "/assets/menu-logo-white.png" for 127.0.0.1 at 2015-12-01 23:42:21 -0500


Started GET "/assets/tfd-white.png" for 127.0.0.1 at 2015-12-01 23:42:21 -0500


Started GET "/assets/welcome.gif" for 127.0.0.1 at 2015-12-01 23:42:21 -0500


Started GET "/signup" for 127.0.0.1 at 2015-12-01 23:42:23 -0500
Processing by UsersController#new as HTML
  Rendered users/new.html.erb within layouts/application (7.5ms)
Completed 200 OK in 93ms (Views: 70.1ms | ActiveRecord: 0.9ms)


Started GET "/" for 127.0.0.1 at 2015-12-01 23:42:24 -0500
Processing by HomeController#index as HTML
  Rendered home/index.html.erb within layouts/application (0.3ms)
Completed 200 OK in 51ms (Views: 50.9ms | ActiveRecord: 0.0ms)


Started GET "/assets/utils.js" for 127.0.0.1 at 2015-12-01 23:42:25 -0500


Started GET "/css/site.css" for 127.0.0.1 at 2015-12-01 23:42:25 -0500

ActionController::RoutingError (No route matches [GET] "/css/site.css"):
  actionpack (4.2.4) lib/action_dispatch/middleware/debug_exceptions.rb:21:in `call'
  web-console (2.2.1) lib/web_console/middleware.rb:39:in `call'
  actionpack (4.2.4) lib/action_dispatch/middleware/show_exceptions.rb:30:in `call'
  railties (4.2.4) lib/rails/rack/logger.rb:38:in `call_app'
  railties (4.2.4) lib/rails/rack/logger.rb:20:in `block in call'
  activesupport (4.2.4) lib/active_support/tagged_logging.rb:68:in `block in tagged'
  activesupport (4.2.4) lib/active_support/tagged_logging.rb:26:in `tagged'
  activesupport (4.2.4) lib/active_support/tagged_logging.rb:68:in `tagged'
  railties (4.2.4) lib/rails/rack/logger.rb:20:in `call'
  actionpack (4.2.4) lib/action_dispatch/middleware/request_id.rb:21:in `call'
  rack (1.6.4) lib/rack/methodoverride.rb:22:in `call'
  rack (1.6.4) lib/rack/runtime.rb:18:in `call'
  activesupport (4.2.4) lib/active_support/cache/strategy/local_cache_middleware.rb:28:in `call'
  rack (1.6.4) lib/rack/lock.rb:17:in `call'
  actionpack (4.2.4) lib/action_dispatch/middleware/static.rb:116:in `call'
  rack (1.6.4) lib/rack/sendfile.rb:113:in `call'
  railties (4.2.4) lib/rails/engine.rb:518:in `call'
  railties (4.2.4) lib/rails/application.rb:165:in `call'
  rack (1.6.4) lib/rack/lock.rb:17:in `call'
  rack (1.6.4) lib/rack/content_length.rb:15:in `call'
  rack (1.6.4) lib/rack/handler/webrick.rb:88:in `service'
  /home/wyang/.rvm/rubies/ruby-2.2.3/lib/ruby/2.2.0/webrick/httpserver.rb:138:in `service'
  /home/wyang/.rvm/rubies/ruby-2.2.3/lib/ruby/2.2.0/webrick/httpserver.rb:94:in `run'
  /home/wyang/.rvm/rubies/ruby-2.2.3/lib/ruby/2.2.0/webrick/server.rb:294:in `block in start_thread'


  Rendered /home/wyang/.rvm/gems/ruby-2.2.3/gems/actionpack-4.2.4/lib/action_dispatch/middleware/templates/rescues/_trace.html.erb (1.1ms)
  Rendered /home/wyang/.rvm/gems/ruby-2.2.3/gems/actionpack-4.2.4/lib/action_dispatch/middleware/templates/routes/_route.html.erb (1.3ms)
  Rendered /home/wyang/.rvm/gems/ruby-2.2.3/gems/actionpack-4.2.4/lib/action_dispatch/middleware/templates/routes/_table.html.erb (1.1ms)
  Rendered /home/wyang/.rvm/gems/ruby-2.2.3/gems/actionpack-4.2.4/lib/action_dispatch/middleware/templates/rescues/_request_and_response.html.erb (1.1ms)
  Rendered /home/wyang/.rvm/gems/ruby-2.2.3/gems/actionpack-4.2.4/lib/action_dispatch/middleware/templates/rescues/routing_error.html.erb within rescues/layout (21.2ms)
  Rendered /home/wyang/.rvm/gems/ruby-2.2.3/gems/web-console-2.2.1/lib/web_console/templates/_markup.html.erb (0.3ms)
  Rendered /home/wyang/.rvm/gems/ruby-2.2.3/gems/web-console-2.2.1/lib/web_console/templates/_inner_console_markup.html.erb within layouts/inlined_string (0.4ms)
  Rendered /home/wyang/.rvm/gems/ruby-2.2.3/gems/web-console-2.2.1/lib/web_console/templates/_prompt_box_markup.html.erb within layouts/inlined_string (0.3ms)
  Rendered /home/wyang/.rvm/gems/ruby-2.2.3/gems/web-console-2.2.1/lib/web_console/templates/style.css.erb within layouts/inlined_string (0.4ms)
  Rendered /home/wyang/.rvm/gems/ruby-2.2.3/gems/web-console-2.2.1/lib/web_console/templates/console.js.erb within layouts/javascript (18.2ms)
  Rendered /home/wyang/.rvm/gems/ruby-2.2.3/gems/web-console-2.2.1/lib/web_console/templates/main.js.erb within layouts/javascript (0.4ms)
  Rendered /home/wyang/.rvm/gems/ruby-2.2.3/gems/web-console-2.2.1/lib/web_console/templates/error_page.js.erb within layouts/javascript (0.5ms)
  Rendered /home/wyang/.rvm/gems/ruby-2.2.3/gems/web-console-2.2.1/lib/web_console/templates/index.html.erb (35.2ms)


Started GET "/assets/typed.js" for 127.0.0.1 at 2015-12-01 23:42:25 -0500


Started GET "/assets/close-menu-light.png" for 127.0.0.1 at 2015-12-01 23:42:25 -0500


Started GET "/assets/Ramiel.jpg" for 127.0.0.1 at 2015-12-01 23:42:25 -0500


Started GET "/assets/menu-logo-white.png" for 127.0.0.1 at 2015-12-01 23:42:25 -0500


Started GET "/assets/tfd-white.png" for 127.0.0.1 at 2015-12-01 23:42:25 -0500


Started GET "/assets/welcome.gif" for 127.0.0.1 at 2015-12-01 23:42:25 -0500


Started GET "/assets/tfd-orange.png" for 127.0.0.1 at 2015-12-01 23:42:26 -0500
